<?xml version="1.0" encoding="UTF-8"?>
<!-- Generated by org.testng.reporters.JUnitXMLReporter -->
<testsuite ignored="0" hostname="NDA-DL-MKHAN" failures="1" tests="2" name="Firefox Test" time="108.153" errors="0" timestamp="04 Jul 2021 15:23:52 GMT">
  <testcase classname="testcases.FlightSearchTest" name="searchFlight" time="22.579"/>
  <testcase classname="testcases.HotelSearchTest" name="searchHotel" time="16.469">
    <failure type="java.lang.AssertionError" message="expected [true] but found [false]">
      <![CDATA[java.lang.AssertionError: expected [true] but found [false]
at testcases.HotelSearchTest.searchHotel(HotelSearchTest.java:37)
at java.base/java.util.concurrent.FutureTask.run(FutureTask.java:264)
at java.base/java.util.concurrent.ThreadPoolExecutor.runWorker(ThreadPoolExecutor.java:1130)
at java.base/java.util.concurrent.ThreadPoolExecutor$Worker.run(ThreadPoolExecutor.java:630)
at java.base/java.lang.Thread.run(Thread.java:832)
... Removed 20 stack frames]]>
    </failure>
  </testcase> <!-- searchHotel -->
</testsuite> <!-- Firefox Test -->
