<?xml version="1.0" encoding="UTF-8"?>
<!-- Generated by org.testng.reporters.JUnitXMLReporter -->
<testsuite ignored="0" hostname="NDA-DL-MKHAN" failures="1" tests="2" name="Test" time="68.955" errors="0" timestamp="27 Jun 2021 16:29:27 GMT">
  <testcase classname="testcases.FlightSearchTest" name="searchFlight" time="12.747">
    <failure type="java.lang.AssertionError" message="expected [true] but found [false]">
      <![CDATA[java.lang.AssertionError: expected [true] but found [false]
at testcases.FlightSearchTest.searchFlight(FlightSearchTest.java:39)
... Removed 29 stack frames]]>
    </failure>
  </testcase> <!-- searchFlight -->
  <testcase classname="testcases.HotelSearchTest" name="searchHotel" time="16.835"/>
</testsuite> <!-- Test -->
