<?xml version="1.0" encoding="UTF-8"?>
<!-- Generated by org.testng.reporters.JUnitXMLReporter -->
<testsuite hostname="NDA-DL-MKHAN" ignored="0" name="Test" tests="2" failures="1" timestamp="27 Jun 2021 14:54:55 GMT" time="67.775" errors="0">
  <testcase name="searchFlight" time="12.473" classname="testcases.FlightSearchTest">
    <failure type="java.lang.AssertionError" message="expected [true] but found [false]">
      <![CDATA[java.lang.AssertionError: expected [true] but found [false]
at testcases.FlightSearchTest.searchFlight(FlightSearchTest.java:39)
... Removed 33 stack frames]]>
    </failure>
  </testcase> <!-- searchFlight -->
  <testcase name="searchHotel" time="17.959" classname="testcases.HotelSearchTest"/>
</testsuite> <!-- Test -->
