<?xml version="1.0" encoding="UTF-8"?>
<testng-results ignored="0" total="1" passed="1" failed="0" skipped="0">
  <reporter-output>
  </reporter-output>
  <suite started-at="2022-02-08T14:47:31Z" name="Suite" finished-at="2022-02-08T14:47:40Z" duration-ms="8745">
    <groups>
    </groups>
    <test started-at="2022-02-08T14:47:31Z" name="Test" finished-at="2022-02-08T14:47:40Z" duration-ms="8745">
      <class name="testcases.WikipediaSearchTest">
        <test-method is-config="true" signature="init(java.lang.String, java.lang.String)[pri:0, instance:testcases.WikipediaSearchTest@79d94571]" started-at="2022-02-08T14:47:31Z" name="init" finished-at="2022-02-08T14:47:34Z" duration-ms="3471" status="PASS">
          <params>
            <param index="0">
              <value>
                <![CDATA[chrome]]>
              </value>
            </param>
            <param index="1">
              <value>
                <![CDATA[https://www.wikipedia.org/]]>
              </value>
            </param>
          </params>
          <reporter-output>
          </reporter-output>
        </test-method> <!-- init -->
        <test-method signature="searchText()[pri:0, instance:testcases.WikipediaSearchTest@79d94571]" started-at="2022-02-08T14:47:34Z" name="searchText" finished-at="2022-02-08T14:47:39Z" duration-ms="4417" status="PASS">
          <reporter-output>
          </reporter-output>
        </test-method> <!-- searchText -->
        <test-method is-config="true" signature="tearDown()[pri:0, instance:testcases.WikipediaSearchTest@79d94571]" started-at="2022-02-08T14:47:39Z" name="tearDown" finished-at="2022-02-08T14:47:40Z" duration-ms="705" status="PASS">
          <reporter-output>
          </reporter-output>
        </test-method> <!-- tearDown -->
        <test-method is-config="true" signature="tearDown()[pri:0, instance:testcases.WikipediaSearchTest@79d94571]" started-at="2022-02-08T14:47:40Z" name="tearDown" finished-at="2022-02-08T14:47:40Z" duration-ms="0" status="PASS">
          <reporter-output>
          </reporter-output>
        </test-method> <!-- tearDown -->
      </class> <!-- testcases.WikipediaSearchTest -->
    </test> <!-- Test -->
  </suite> <!-- Suite -->
</testng-results>
