<?xml version="1.0" encoding="UTF-8"?>
<testng-results ignored="0" total="4" passed="3" failed="1" skipped="0">
  <reporter-output>
  </reporter-output>
  <suite started-at="2021-07-04T15:22:04Z" name="Suite" finished-at="2021-07-04T15:23:52Z" duration-ms="108153">
    <groups>
    </groups>
    <test started-at="2021-07-04T15:22:04Z" name="Chrome Test" finished-at="2021-07-04T15:23:37Z" duration-ms="93423">
      <class name="testcases.HotelSearchTest">
        <test-method is-config="true" signature="init(java.lang.String, java.lang.String, java.lang.String)[pri:0, instance:testcases.HotelSearchTest@6bbe2511]" started-at="2021-07-04T15:22:53Z" name="init" finished-at="2021-07-04T15:23:10Z" duration-ms="16688" status="PASS">
          <params>
            <param index="0">
              <value>
                <![CDATA[false]]>
              </value>
            </param>
            <param index="1">
              <value>
                <![CDATA[chrome]]>
              </value>
            </param>
            <param index="2">
              <value>
                <![CDATA[https://www.expedia.com/]]>
              </value>
            </param>
          </params>
          <reporter-output>
          </reporter-output>
        </test-method> <!-- init -->
        <test-method signature="searchHotel(java.lang.String, java.lang.String, java.lang.String)[pri:0, instance:testcases.HotelSearchTest@6bbe2511]" started-at="2021-07-04T15:23:10Z" name="searchHotel" data-provider="getData" finished-at="2021-07-04T15:23:35Z" duration-ms="25657" status="PASS">
          <params>
            <param index="0">
              <value>
                <![CDATA[Hyderabad]]>
              </value>
            </param>
            <param index="1">
              <value>
                <![CDATA[Jul 14, 2021]]>
              </value>
            </param>
            <param index="2">
              <value>
                <![CDATA[Jul 16, 2021]]>
              </value>
            </param>
          </params>
          <reporter-output>
          </reporter-output>
        </test-method> <!-- searchHotel -->
        <test-method is-config="true" signature="tearDown()[pri:0, instance:testcases.HotelSearchTest@6bbe2511]" started-at="2021-07-04T15:23:35Z" name="tearDown" finished-at="2021-07-04T15:23:37Z" duration-ms="2041" status="PASS">
          <reporter-output>
          </reporter-output>
        </test-method> <!-- tearDown -->
      </class> <!-- testcases.HotelSearchTest -->
      <class name="testcases.FlightSearchTest">
        <test-method is-config="true" signature="init(java.lang.String, java.lang.String, java.lang.String)[pri:0, instance:testcases.FlightSearchTest@6127a7e]" started-at="2021-07-04T15:22:04Z" name="init" finished-at="2021-07-04T15:22:24Z" duration-ms="19939" status="PASS">
          <params>
            <param index="0">
              <value>
                <![CDATA[false]]>
              </value>
            </param>
            <param index="1">
              <value>
                <![CDATA[chrome]]>
              </value>
            </param>
            <param index="2">
              <value>
                <![CDATA[https://www.expedia.com/]]>
              </value>
            </param>
          </params>
          <reporter-output>
          </reporter-output>
        </test-method> <!-- init -->
        <test-method signature="searchFlight(java.lang.String, java.lang.String, java.lang.String, java.lang.String)[pri:0, instance:testcases.FlightSearchTest@6127a7e]" started-at="2021-07-04T15:22:26Z" name="searchFlight" data-provider="getData" finished-at="2021-07-04T15:22:50Z" duration-ms="24182" status="PASS">
          <params>
            <param index="0">
              <value>
                <![CDATA[Delhi]]>
              </value>
            </param>
            <param index="1">
              <value>
                <![CDATA[Hyderabad]]>
              </value>
            </param>
            <param index="2">
              <value>
                <![CDATA[Jul 13, 2021]]>
              </value>
            </param>
            <param index="3">
              <value>
                <![CDATA[Jul 20, 2021]]>
              </value>
            </param>
          </params>
          <reporter-output>
          </reporter-output>
        </test-method> <!-- searchFlight -->
        <test-method is-config="true" signature="tearDown()[pri:0, instance:testcases.FlightSearchTest@6127a7e]" started-at="2021-07-04T15:22:50Z" name="tearDown" finished-at="2021-07-04T15:22:53Z" duration-ms="2530" status="PASS">
          <reporter-output>
          </reporter-output>
        </test-method> <!-- tearDown -->
      </class> <!-- testcases.FlightSearchTest -->
    </test> <!-- Chrome Test -->
    <test started-at="2021-07-04T15:22:04Z" name="Firefox Test" finished-at="2021-07-04T15:23:52Z" duration-ms="108153">
      <class name="testcases.HotelSearchTest">
        <test-method is-config="true" signature="init(java.lang.String, java.lang.String, java.lang.String)[pri:0, instance:testcases.HotelSearchTest@73a2e526]" started-at="2021-07-04T15:23:05Z" name="init" finished-at="2021-07-04T15:23:31Z" duration-ms="26746" status="PASS">
          <params>
            <param index="0">
              <value>
                <![CDATA[false]]>
              </value>
            </param>
            <param index="1">
              <value>
                <![CDATA[firefox]]>
              </value>
            </param>
            <param index="2">
              <value>
                <![CDATA[https://www.expedia.com/]]>
              </value>
            </param>
          </params>
          <reporter-output>
          </reporter-output>
        </test-method> <!-- init -->
        <test-method signature="searchHotel(java.lang.String, java.lang.String, java.lang.String)[pri:0, instance:testcases.HotelSearchTest@73a2e526]" started-at="2021-07-04T15:23:31Z" name="searchHotel" data-provider="getData" finished-at="2021-07-04T15:23:48Z" duration-ms="16469" status="FAIL">
          <params>
            <param index="0">
              <value>
                <![CDATA[Hyderabad]]>
              </value>
            </param>
            <param index="1">
              <value>
                <![CDATA[Jul 14, 2021]]>
              </value>
            </param>
            <param index="2">
              <value>
                <![CDATA[Jul 16, 2021]]>
              </value>
            </param>
          </params>
          <exception class="java.lang.AssertionError">
            <message>
              <![CDATA[expected [true] but found [false]]]>
            </message>
            <full-stacktrace>
              <![CDATA[java.lang.AssertionError: expected [true] but found [false]
at org.testng.Assert.fail(Assert.java:96)
at org.testng.Assert.failNotEquals(Assert.java:776)
at org.testng.Assert.assertTrue(Assert.java:44)
at org.testng.Assert.assertTrue(Assert.java:54)
at testcases.HotelSearchTest.searchHotel(HotelSearchTest.java:37)
at java.base/jdk.internal.reflect.NativeMethodAccessorImpl.invoke0(Native Method)
at java.base/jdk.internal.reflect.NativeMethodAccessorImpl.invoke(NativeMethodAccessorImpl.java:64)
at java.base/jdk.internal.reflect.DelegatingMethodAccessorImpl.invoke(DelegatingMethodAccessorImpl.java:43)
at java.base/java.lang.reflect.Method.invoke(Method.java:564)
at org.testng.internal.MethodInvocationHelper.invokeMethod(MethodInvocationHelper.java:124)
at org.testng.internal.Invoker.invokeMethod(Invoker.java:583)
at org.testng.internal.Invoker.invokeTestMethod(Invoker.java:719)
at org.testng.internal.Invoker.invokeTestMethods(Invoker.java:989)
at org.testng.internal.TestMethodWorker.invokeTestMethods(TestMethodWorker.java:125)
at org.testng.internal.TestMethodWorker.run(TestMethodWorker.java:109)
at org.testng.TestRunner.privateRun(TestRunner.java:648)
at org.testng.TestRunner.run(TestRunner.java:505)
at org.testng.SuiteRunner.runTest(SuiteRunner.java:455)
at org.testng.SuiteRunner.access$000(SuiteRunner.java:40)
at org.testng.SuiteRunner$SuiteWorker.run(SuiteRunner.java:489)
at org.testng.internal.thread.ThreadUtil$1.call(ThreadUtil.java:52)
at java.base/java.util.concurrent.FutureTask.run(FutureTask.java:264)
at java.base/java.util.concurrent.ThreadPoolExecutor.runWorker(ThreadPoolExecutor.java:1130)
at java.base/java.util.concurrent.ThreadPoolExecutor$Worker.run(ThreadPoolExecutor.java:630)
at java.base/java.lang.Thread.run(Thread.java:832)
]]>
            </full-stacktrace>
          </exception> <!-- java.lang.AssertionError -->
          <reporter-output>
          </reporter-output>
        </test-method> <!-- searchHotel -->
        <test-method is-config="true" signature="tearDown()[pri:0, instance:testcases.HotelSearchTest@73a2e526]" started-at="2021-07-04T15:23:49Z" name="tearDown" finished-at="2021-07-04T15:23:52Z" duration-ms="3198" status="PASS">
          <reporter-output>
          </reporter-output>
        </test-method> <!-- tearDown -->
      </class> <!-- testcases.HotelSearchTest -->
      <class name="testcases.FlightSearchTest">
        <test-method is-config="true" signature="init(java.lang.String, java.lang.String, java.lang.String)[pri:0, instance:testcases.FlightSearchTest@2d96543c]" started-at="2021-07-04T15:22:04Z" name="init" finished-at="2021-07-04T15:22:34Z" duration-ms="29819" status="PASS">
          <params>
            <param index="0">
              <value>
                <![CDATA[false]]>
              </value>
            </param>
            <param index="1">
              <value>
                <![CDATA[firefox]]>
              </value>
            </param>
            <param index="2">
              <value>
                <![CDATA[https://www.expedia.com/]]>
              </value>
            </param>
          </params>
          <reporter-output>
          </reporter-output>
        </test-method> <!-- init -->
        <test-method signature="searchFlight(java.lang.String, java.lang.String, java.lang.String, java.lang.String)[pri:0, instance:testcases.FlightSearchTest@2d96543c]" started-at="2021-07-04T15:22:34Z" name="searchFlight" data-provider="getData" finished-at="2021-07-04T15:22:57Z" duration-ms="22579" status="PASS">
          <params>
            <param index="0">
              <value>
                <![CDATA[Delhi]]>
              </value>
            </param>
            <param index="1">
              <value>
                <![CDATA[Hyderabad]]>
              </value>
            </param>
            <param index="2">
              <value>
                <![CDATA[Jul 13, 2021]]>
              </value>
            </param>
            <param index="3">
              <value>
                <![CDATA[Jul 20, 2021]]>
              </value>
            </param>
          </params>
          <reporter-output>
          </reporter-output>
        </test-method> <!-- searchFlight -->
        <test-method is-config="true" signature="tearDown()[pri:0, instance:testcases.FlightSearchTest@2d96543c]" started-at="2021-07-04T15:22:57Z" name="tearDown" finished-at="2021-07-04T15:23:05Z" duration-ms="8193" status="PASS">
          <reporter-output>
          </reporter-output>
        </test-method> <!-- tearDown -->
      </class> <!-- testcases.FlightSearchTest -->
    </test> <!-- Firefox Test -->
  </suite> <!-- Suite -->
</testng-results>
